I, [2016-05-23T13:39:36.968182 #31214]  INFO -- Kitchen: -----> Starting Kitchen (v1.5.0)
I, [2016-05-23T13:39:37.397987 #31214]  INFO -- Kitchen: -----> Destroying <ec2-ubuntu-1604>...
E, [2016-05-23T13:39:37.792588 #31214] ERROR -- Kitchen: ------Exception-------
E, [2016-05-23T13:39:37.792637 #31214] ERROR -- Kitchen: Class: Kitchen::ActionFailed
E, [2016-05-23T13:39:37.792690 #31214] ERROR -- Kitchen: Message: Failed to complete #destroy action: [The instance ID 'i-8c60824a' does not exist]
E, [2016-05-23T13:39:37.792723 #31214] ERROR -- Kitchen: ---Nested Exception---
E, [2016-05-23T13:39:37.792750 #31214] ERROR -- Kitchen: Class: Aws::EC2::Errors::InvalidInstanceIDNotFound
E, [2016-05-23T13:39:37.792760 #31214] ERROR -- Kitchen: Message: The instance ID 'i-8c60824a' does not exist
E, [2016-05-23T13:39:37.792813 #31214] ERROR -- Kitchen: ------Backtrace-------
E, [2016-05-23T13:39:37.792826 #31214] ERROR -- Kitchen: /opt/chefdk/embedded/lib/ruby/gems/2.1.0/gems/aws-sdk-core-2.2.13/lib/seahorse/client/plugins/raise_response_errors.rb:15:in `call'
E, [2016-05-23T13:39:37.792837 #31214] ERROR -- Kitchen: /opt/chefdk/embedded/lib/ruby/gems/2.1.0/gems/aws-sdk-core-2.2.13/lib/aws-sdk-core/plugins/param_converter.rb:20:in `call'
E, [2016-05-23T13:39:37.792879 #31214] ERROR -- Kitchen: /opt/chefdk/embedded/lib/ruby/gems/2.1.0/gems/aws-sdk-core-2.2.13/lib/seahorse/client/plugins/response_target.rb:21:in `call'
E, [2016-05-23T13:39:37.792890 #31214] ERROR -- Kitchen: /opt/chefdk/embedded/lib/ruby/gems/2.1.0/gems/aws-sdk-core-2.2.13/lib/seahorse/client/request.rb:70:in `send_request'
E, [2016-05-23T13:39:37.792899 #31214] ERROR -- Kitchen: /opt/chefdk/embedded/lib/ruby/gems/2.1.0/gems/aws-sdk-core-2.2.13/lib/seahorse/client/base.rb:207:in `block (2 levels) in define_operation_methods'
E, [2016-05-23T13:39:37.792909 #31214] ERROR -- Kitchen: /opt/chefdk/embedded/lib/ruby/gems/2.1.0/gems/aws-sdk-resources-2.2.13/lib/aws-sdk-resources/request.rb:24:in `call'
E, [2016-05-23T13:39:37.792918 #31214] ERROR -- Kitchen: /opt/chefdk/embedded/lib/ruby/gems/2.1.0/gems/aws-sdk-resources-2.2.13/lib/aws-sdk-resources/operations.rb:41:in `call'
E, [2016-05-23T13:39:37.792929 #31214] ERROR -- Kitchen: /opt/chefdk/embedded/lib/ruby/gems/2.1.0/gems/aws-sdk-resources-2.2.13/lib/aws-sdk-resources/operation_methods.rb:19:in `block in add_operation'
E, [2016-05-23T13:39:37.792939 #31214] ERROR -- Kitchen: /opt/chefdk/embedded/lib/ruby/gems/2.1.0/gems/kitchen-ec2-0.10.0/lib/kitchen/driver/ec2.rb:225:in `destroy'
E, [2016-05-23T13:39:37.792950 #31214] ERROR -- Kitchen: /opt/chefdk/embedded/lib/ruby/gems/2.1.0/gems/test-kitchen-1.5.0/lib/kitchen/instance.rb:431:in `public_send'
E, [2016-05-23T13:39:37.792961 #31214] ERROR -- Kitchen: /opt/chefdk/embedded/lib/ruby/gems/2.1.0/gems/test-kitchen-1.5.0/lib/kitchen/instance.rb:431:in `block in perform_action'
E, [2016-05-23T13:39:37.792970 #31214] ERROR -- Kitchen: /opt/chefdk/embedded/lib/ruby/gems/2.1.0/gems/test-kitchen-1.5.0/lib/kitchen/instance.rb:495:in `call'
E, [2016-05-23T13:39:37.792980 #31214] ERROR -- Kitchen: /opt/chefdk/embedded/lib/ruby/gems/2.1.0/gems/test-kitchen-1.5.0/lib/kitchen/instance.rb:495:in `synchronize_or_call'
E, [2016-05-23T13:39:37.792990 #31214] ERROR -- Kitchen: /opt/chefdk/embedded/lib/ruby/gems/2.1.0/gems/test-kitchen-1.5.0/lib/kitchen/instance.rb:460:in `block in action'
E, [2016-05-23T13:39:37.792999 #31214] ERROR -- Kitchen: /opt/chefdk/embedded/lib/ruby/2.1.0/benchmark.rb:279:in `measure'
E, [2016-05-23T13:39:37.793009 #31214] ERROR -- Kitchen: /opt/chefdk/embedded/lib/ruby/gems/2.1.0/gems/test-kitchen-1.5.0/lib/kitchen/instance.rb:459:in `action'
E, [2016-05-23T13:39:37.793018 #31214] ERROR -- Kitchen: /opt/chefdk/embedded/lib/ruby/gems/2.1.0/gems/test-kitchen-1.5.0/lib/kitchen/instance.rb:431:in `perform_action'
E, [2016-05-23T13:39:37.793081 #31214] ERROR -- Kitchen: /opt/chefdk/embedded/lib/ruby/gems/2.1.0/gems/test-kitchen-1.5.0/lib/kitchen/instance.rb:418:in `destroy_action'
E, [2016-05-23T13:39:37.793128 #31214] ERROR -- Kitchen: /opt/chefdk/embedded/lib/ruby/gems/2.1.0/gems/test-kitchen-1.5.0/lib/kitchen/instance.rb:348:in `block in transition_to'
E, [2016-05-23T13:39:37.793157 #31214] ERROR -- Kitchen: /opt/chefdk/embedded/lib/ruby/gems/2.1.0/gems/test-kitchen-1.5.0/lib/kitchen/instance.rb:347:in `each'
E, [2016-05-23T13:39:37.793168 #31214] ERROR -- Kitchen: /opt/chefdk/embedded/lib/ruby/gems/2.1.0/gems/test-kitchen-1.5.0/lib/kitchen/instance.rb:347:in `transition_to'
E, [2016-05-23T13:39:37.793177 #31214] ERROR -- Kitchen: /opt/chefdk/embedded/lib/ruby/gems/2.1.0/gems/test-kitchen-1.5.0/lib/kitchen/instance.rb:171:in `destroy'
E, [2016-05-23T13:39:37.793187 #31214] ERROR -- Kitchen: /opt/chefdk/embedded/lib/ruby/gems/2.1.0/gems/test-kitchen-1.5.0/lib/kitchen/command.rb:176:in `public_send'
E, [2016-05-23T13:39:37.793196 #31214] ERROR -- Kitchen: /opt/chefdk/embedded/lib/ruby/gems/2.1.0/gems/test-kitchen-1.5.0/lib/kitchen/command.rb:176:in `block (2 levels) in run_action'
E, [2016-05-23T13:39:37.793206 #31214] ERROR -- Kitchen: ----------------------
